<?xml version="1.0" encoding="UTF-8"?>
<!-- Generated by org.testng.reporters.JUnitXMLReporter -->
<testsuite hostname="DESKTOP-1D5FNDA" ignored="1" name="Default test(failed)" tests="2" failures="1" timestamp="13 Nov 2018 00:22:09 GMT" time="0.052" errors="0">
  <testcase name="failTest" time="0.013" classname="com.crm.snm.pages.TestNGCheck">
    <failure type="java.lang.AssertionError" message="expected [true] but found [false]">
      <![CDATA[java.lang.AssertionError: expected [true] but found [false]
at com.crm.snm.pages.TestNGCheck.failTest(TestNGCheck.java:18)
... Removed 29 stack frames]]>
    </failure>
  </testcase> <!-- failTest -->
  <testcase name="skipTest" time="0.002" classname="com.crm.snm.pages.TestNGCheck">
    <skipped/>
  </testcase> <!-- skipTest -->
  <testcase name="passTest" time="0.0" classname="com.crm.snm.pages.TestNGCheck">
    <ignored/>
  </testcase> <!-- passTest -->
</testsuite> <!-- Default test(failed) -->
